<?xml version="1.0" encoding="UTF-8"?>
<testsuite xmlns:xsi="http://www.w3.org/2001/XMLSchema-instance" xsi:noNamespaceSchemaLocation="https://maven.apache.org/surefire/maven-surefire-plugin/xsd/surefire-test-report-3.0.xsd" version="3.0" name="runners.TestRunner" time="210.987" tests="20" errors="0" skipped="0" failures="0">
  <properties>
    <property name="java.specification.version" value="17"/>
    <property name="webdriver.chrome.driver" value="C:\Users\aslie\.cache\selenium\chromedriver\win64\137.0.7151.68\chromedriver.exe"/>
    <property name="sun.cpu.isalist" value="amd64"/>
    <property name="sun.jnu.encoding" value="Cp1252"/>
    <property name="java.class.path" value="C:\Users\aslie\IdeaProjects\saucedemo-regression-suite\target\test-classes;C:\Users\aslie\IdeaProjects\saucedemo-regression-suite\target\classes;C:\Users\aslie\.m2\repository\org\seleniumhq\selenium\selenium-java\4.33.0\selenium-java-4.33.0.jar;C:\Users\aslie\.m2\repository\org\seleniumhq\selenium\selenium-api\4.33.0\selenium-api-4.33.0.jar;C:\Users\aslie\.m2\repository\org\jspecify\jspecify\1.0.0\jspecify-1.0.0.jar;C:\Users\aslie\.m2\repository\org\seleniumhq\selenium\selenium-chrome-driver\4.33.0\selenium-chrome-driver-4.33.0.jar;C:\Users\aslie\.m2\repository\com\google\auto\service\auto-service-annotations\1.1.1\auto-service-annotations-1.1.1.jar;C:\Users\aslie\.m2\repository\org\seleniumhq\selenium\selenium-chromium-driver\4.33.0\selenium-chromium-driver-4.33.0.jar;C:\Users\aslie\.m2\repository\org\seleniumhq\selenium\selenium-json\4.33.0\selenium-json-4.33.0.jar;C:\Users\aslie\.m2\repository\org\seleniumhq\selenium\selenium-manager\4.33.0\selenium-manager-4.33.0.jar;C:\Users\aslie\.m2\repository\org\seleniumhq\selenium\selenium-devtools-v135\4.33.0\selenium-devtools-v135-4.33.0.jar;C:\Users\aslie\.m2\repository\org\seleniumhq\selenium\selenium-devtools-v136\4.33.0\selenium-devtools-v136-4.33.0.jar;C:\Users\aslie\.m2\repository\org\seleniumhq\selenium\selenium-devtools-v137\4.33.0\selenium-devtools-v137-4.33.0.jar;C:\Users\aslie\.m2\repository\org\seleniumhq\selenium\selenium-edge-driver\4.33.0\selenium-edge-driver-4.33.0.jar;C:\Users\aslie\.m2\repository\org\seleniumhq\selenium\selenium-firefox-driver\4.33.0\selenium-firefox-driver-4.33.0.jar;C:\Users\aslie\.m2\repository\org\seleniumhq\selenium\selenium-http\4.33.0\selenium-http-4.33.0.jar;C:\Users\aslie\.m2\repository\org\seleniumhq\selenium\selenium-ie-driver\4.33.0\selenium-ie-driver-4.33.0.jar;C:\Users\aslie\.m2\repository\org\seleniumhq\selenium\selenium-remote-driver\4.33.0\selenium-remote-driver-4.33.0.jar;C:\Users\aslie\.m2\repository\com\google\guava\guava\33.4.8-jre\guava-33.4.8-jre.jar;C:\Users\aslie\.m2\repository\com\google\guava\failureaccess\1.0.3\failureaccess-1.0.3.jar;C:\Users\aslie\.m2\repository\com\google\guava\listenablefuture\9999.0-empty-to-avoid-conflict-with-guava\listenablefuture-9999.0-empty-to-avoid-conflict-with-guava.jar;C:\Users\aslie\.m2\repository\com\google\j2objc\j2objc-annotations\3.0.0\j2objc-annotations-3.0.0.jar;C:\Users\aslie\.m2\repository\io\opentelemetry\opentelemetry-api\1.50.0\opentelemetry-api-1.50.0.jar;C:\Users\aslie\.m2\repository\io\opentelemetry\opentelemetry-context\1.50.0\opentelemetry-context-1.50.0.jar;C:\Users\aslie\.m2\repository\io\opentelemetry\opentelemetry-exporter-logging\1.50.0\opentelemetry-exporter-logging-1.50.0.jar;C:\Users\aslie\.m2\repository\io\opentelemetry\opentelemetry-sdk-common\1.50.0\opentelemetry-sdk-common-1.50.0.jar;C:\Users\aslie\.m2\repository\io\opentelemetry\opentelemetry-sdk-extension-autoconfigure-spi\1.50.0\opentelemetry-sdk-extension-autoconfigure-spi-1.50.0.jar;C:\Users\aslie\.m2\repository\io\opentelemetry\opentelemetry-sdk-extension-autoconfigure\1.50.0\opentelemetry-sdk-extension-autoconfigure-1.50.0.jar;C:\Users\aslie\.m2\repository\io\opentelemetry\opentelemetry-sdk-trace\1.50.0\opentelemetry-sdk-trace-1.50.0.jar;C:\Users\aslie\.m2\repository\io\opentelemetry\opentelemetry-sdk\1.50.0\opentelemetry-sdk-1.50.0.jar;C:\Users\aslie\.m2\repository\io\opentelemetry\opentelemetry-sdk-metrics\1.50.0\opentelemetry-sdk-metrics-1.50.0.jar;C:\Users\aslie\.m2\repository\io\opentelemetry\opentelemetry-sdk-logs\1.50.0\opentelemetry-sdk-logs-1.50.0.jar;C:\Users\aslie\.m2\repository\net\bytebuddy\byte-buddy\1.17.5\byte-buddy-1.17.5.jar;C:\Users\aslie\.m2\repository\org\seleniumhq\selenium\selenium-os\4.33.0\selenium-os-4.33.0.jar;C:\Users\aslie\.m2\repository\org\apache\commons\commons-exec\1.4.0\commons-exec-1.4.0.jar;C:\Users\aslie\.m2\repository\org\seleniumhq\selenium\selenium-safari-driver\4.33.0\selenium-safari-driver-4.33.0.jar;C:\Users\aslie\.m2\repository\org\seleniumhq\selenium\selenium-support\4.33.0\selenium-support-4.33.0.jar;C:\Users\aslie\.m2\repository\io\github\bonigarcia\webdrivermanager\6.1.0\webdrivermanager-6.1.0.jar;C:\Users\aslie\.m2\repository\com\google\code\gson\gson\2.13.0\gson-2.13.0.jar;C:\Users\aslie\.m2\repository\com\google\errorprone\error_prone_annotations\2.37.0\error_prone_annotations-2.37.0.jar;C:\Users\aslie\.m2\repository\com\github\docker-java\docker-java\3.5.0\docker-java-3.5.0.jar;C:\Users\aslie\.m2\repository\com\github\docker-java\docker-java-core\3.5.0\docker-java-core-3.5.0.jar;C:\Users\aslie\.m2\repository\com\github\docker-java\docker-java-api\3.5.0\docker-java-api-3.5.0.jar;C:\Users\aslie\.m2\repository\com\fasterxml\jackson\core\jackson-annotations\2.18.3\jackson-annotations-2.18.3.jar;C:\Users\aslie\.m2\repository\com\fasterxml\jackson\core\jackson-databind\2.18.3\jackson-databind-2.18.3.jar;C:\Users\aslie\.m2\repository\com\fasterxml\jackson\core\jackson-core\2.18.3\jackson-core-2.18.3.jar;C:\Users\aslie\.m2\repository\org\slf4j\jcl-over-slf4j\1.7.30\jcl-over-slf4j-1.7.30.jar;C:\Users\aslie\.m2\repository\com\github\docker-java\docker-java-transport-httpclient5\3.5.0\docker-java-transport-httpclient5-3.5.0.jar;C:\Users\aslie\.m2\repository\com\github\docker-java\docker-java-transport\3.5.0\docker-java-transport-3.5.0.jar;C:\Users\aslie\.m2\repository\net\java\dev\jna\jna\5.17.0\jna-5.17.0.jar;C:\Users\aslie\.m2\repository\org\brotli\dec\0.1.2\dec-0.1.2.jar;C:\Users\aslie\.m2\repository\org\apache\commons\commons-lang3\3.17.0\commons-lang3-3.17.0.jar;C:\Users\aslie\.m2\repository\org\apache\commons\commons-compress\1.27.1\commons-compress-1.27.1.jar;C:\Users\aslie\.m2\repository\commons-codec\commons-codec\1.17.1\commons-codec-1.17.1.jar;C:\Users\aslie\.m2\repository\commons-io\commons-io\2.16.1\commons-io-2.16.1.jar;C:\Users\aslie\.m2\repository\org\apache\httpcomponents\client5\httpclient5\5.4.3\httpclient5-5.4.3.jar;C:\Users\aslie\.m2\repository\org\apache\httpcomponents\core5\httpcore5\5.3.4\httpcore5-5.3.4.jar;C:\Users\aslie\.m2\repository\org\apache\httpcomponents\core5\httpcore5-h2\5.3.4\httpcore5-h2-5.3.4.jar;C:\Users\aslie\.m2\repository\net\java\dev\jna\jna-platform\5.13.0\jna-platform-5.13.0.jar;C:\Users\aslie\.m2\repository\io\cucumber\cucumber-java\7.11.2\cucumber-java-7.11.2.jar;C:\Users\aslie\.m2\repository\io\cucumber\cucumber-core\7.11.2\cucumber-core-7.11.2.jar;C:\Users\aslie\.m2\repository\io\cucumber\cucumber-gherkin\7.11.2\cucumber-gherkin-7.11.2.jar;C:\Users\aslie\.m2\repository\io\cucumber\cucumber-gherkin-messages\7.11.2\cucumber-gherkin-messages-7.11.2.jar;C:\Users\aslie\.m2\repository\io\cucumber\messages\21.0.1\messages-21.0.1.jar;C:\Users\aslie\.m2\repository\io\cucumber\tag-expressions\5.0.1\tag-expressions-5.0.1.jar;C:\Users\aslie\.m2\repository\io\cucumber\cucumber-expressions\16.1.2\cucumber-expressions-16.1.2.jar;C:\Users\aslie\.m2\repository\io\cucumber\datatable\7.11.2\datatable-7.11.2.jar;C:\Users\aslie\.m2\repository\io\cucumber\cucumber-plugin\7.11.2\cucumber-plugin-7.11.2.jar;C:\Users\aslie\.m2\repository\io\cucumber\docstring\7.11.2\docstring-7.11.2.jar;C:\Users\aslie\.m2\repository\io\cucumber\html-formatter\20.2.1\html-formatter-20.2.1.jar;C:\Users\aslie\.m2\repository\io\cucumber\junit-xml-formatter\0.1.0\junit-xml-formatter-0.1.0.jar;C:\Users\aslie\.m2\repository\io\cucumber\ci-environment\9.1.0\ci-environment-9.1.0.jar;C:\Users\aslie\.m2\repository\org\apiguardian\apiguardian-api\1.1.2\apiguardian-api-1.1.2.jar;C:\Users\aslie\.m2\repository\io\cucumber\cucumber-junit-platform-engine\7.11.2\cucumber-junit-platform-engine-7.11.2.jar;C:\Users\aslie\.m2\repository\org\junit\platform\junit-platform-engine\1.9.3\junit-platform-engine-1.9.3.jar;C:\Users\aslie\.m2\repository\org\junit\jupiter\junit-jupiter-api\5.9.3\junit-jupiter-api-5.9.3.jar;C:\Users\aslie\.m2\repository\org\opentest4j\opentest4j\1.2.0\opentest4j-1.2.0.jar;C:\Users\aslie\.m2\repository\org\junit\jupiter\junit-jupiter-engine\5.9.3\junit-jupiter-engine-5.9.3.jar;C:\Users\aslie\.m2\repository\org\junit\platform\junit-platform-launcher\1.9.3\junit-platform-launcher-1.9.3.jar;C:\Users\aslie\.m2\repository\org\junit\platform\junit-platform-commons\1.9.3\junit-platform-commons-1.9.3.jar;C:\Users\aslie\.m2\repository\org\junit\platform\junit-platform-suite\1.9.3\junit-platform-suite-1.9.3.jar;C:\Users\aslie\.m2\repository\org\junit\platform\junit-platform-suite-api\1.9.3\junit-platform-suite-api-1.9.3.jar;C:\Users\aslie\.m2\repository\org\junit\platform\junit-platform-suite-engine\1.9.3\junit-platform-suite-engine-1.9.3.jar;C:\Users\aslie\.m2\repository\org\junit\platform\junit-platform-suite-commons\1.9.3\junit-platform-suite-commons-1.9.3.jar;C:\Users\aslie\.m2\repository\org\projectlombok\lombok\1.18.38\lombok-1.18.38.jar;C:\Users\aslie\.m2\repository\org\slf4j\slf4j-api\2.0.13\slf4j-api-2.0.13.jar;C:\Users\aslie\.m2\repository\org\slf4j\slf4j-simple\2.0.13\slf4j-simple-2.0.13.jar;C:\Users\aslie\.m2\repository\io\qameta\allure\allure-cucumber7-jvm\2.24.0\allure-cucumber7-jvm-2.24.0.jar;C:\Users\aslie\.m2\repository\io\cucumber\gherkin\26.2.0\gherkin-26.2.0.jar;C:\Users\aslie\.m2\repository\io\qameta\allure\allure-java-commons\2.24.0\allure-java-commons-2.24.0.jar;C:\Users\aslie\.m2\repository\io\qameta\allure\allure-model\2.24.0\allure-model-2.24.0.jar;C:\Users\aslie\.m2\repository\io\qameta\allure\allure-junit5\2.24.0\allure-junit5-2.24.0.jar;C:\Users\aslie\.m2\repository\io\qameta\allure\allure-junit-platform\2.24.0\allure-junit-platform-2.24.0.jar;C:\Users\aslie\.m2\repository\io\qameta\allure\allure-test-filter\2.24.0\allure-test-filter-2.24.0.jar;"/>
    <property name="java.vm.vendor" value="Oracle Corporation"/>
    <property name="sun.arch.data.model" value="64"/>
    <property name="user.variant" value=""/>
    <property name="java.vendor.url" value="https://java.oracle.com/"/>
    <property name="user.timezone" value="Europe/Berlin"/>
    <property name="os.name" value="Windows 11"/>
    <property name="java.vm.specification.version" value="17"/>
    <property name="sun.java.launcher" value="SUN_STANDARD"/>
    <property name="user.country" value="DE"/>
    <property name="sun.boot.library.path" value="C:\Program Files\Java\jdk-17\bin"/>
    <property name="sun.java.command" value="C:\Users\aslie\AppData\Local\Temp\surefire1408033865163852487\surefirebooter-20250610094226746_3.jar C:\Users\aslie\AppData\Local\Temp\surefire1408033865163852487 2025-06-10T09-42-26_485-jvmRun1 surefire-20250610094226746_1tmp surefire_0-20250610094226746_2tmp"/>
    <property name="jdk.debug" value="release"/>
    <property name="surefire.test.class.path" value="C:\Users\aslie\IdeaProjects\saucedemo-regression-suite\target\test-classes;C:\Users\aslie\IdeaProjects\saucedemo-regression-suite\target\classes;C:\Users\aslie\.m2\repository\org\seleniumhq\selenium\selenium-java\4.33.0\selenium-java-4.33.0.jar;C:\Users\aslie\.m2\repository\org\seleniumhq\selenium\selenium-api\4.33.0\selenium-api-4.33.0.jar;C:\Users\aslie\.m2\repository\org\jspecify\jspecify\1.0.0\jspecify-1.0.0.jar;C:\Users\aslie\.m2\repository\org\seleniumhq\selenium\selenium-chrome-driver\4.33.0\selenium-chrome-driver-4.33.0.jar;C:\Users\aslie\.m2\repository\com\google\auto\service\auto-service-annotations\1.1.1\auto-service-annotations-1.1.1.jar;C:\Users\aslie\.m2\repository\org\seleniumhq\selenium\selenium-chromium-driver\4.33.0\selenium-chromium-driver-4.33.0.jar;C:\Users\aslie\.m2\repository\org\seleniumhq\selenium\selenium-json\4.33.0\selenium-json-4.33.0.jar;C:\Users\aslie\.m2\repository\org\seleniumhq\selenium\selenium-manager\4.33.0\selenium-manager-4.33.0.jar;C:\Users\aslie\.m2\repository\org\seleniumhq\selenium\selenium-devtools-v135\4.33.0\selenium-devtools-v135-4.33.0.jar;C:\Users\aslie\.m2\repository\org\seleniumhq\selenium\selenium-devtools-v136\4.33.0\selenium-devtools-v136-4.33.0.jar;C:\Users\aslie\.m2\repository\org\seleniumhq\selenium\selenium-devtools-v137\4.33.0\selenium-devtools-v137-4.33.0.jar;C:\Users\aslie\.m2\repository\org\seleniumhq\selenium\selenium-edge-driver\4.33.0\selenium-edge-driver-4.33.0.jar;C:\Users\aslie\.m2\repository\org\seleniumhq\selenium\selenium-firefox-driver\4.33.0\selenium-firefox-driver-4.33.0.jar;C:\Users\aslie\.m2\repository\org\seleniumhq\selenium\selenium-http\4.33.0\selenium-http-4.33.0.jar;C:\Users\aslie\.m2\repository\org\seleniumhq\selenium\selenium-ie-driver\4.33.0\selenium-ie-driver-4.33.0.jar;C:\Users\aslie\.m2\repository\org\seleniumhq\selenium\selenium-remote-driver\4.33.0\selenium-remote-driver-4.33.0.jar;C:\Users\aslie\.m2\repository\com\google\guava\guava\33.4.8-jre\guava-33.4.8-jre.jar;C:\Users\aslie\.m2\repository\com\google\guava\failureaccess\1.0.3\failureaccess-1.0.3.jar;C:\Users\aslie\.m2\repository\com\google\guava\listenablefuture\9999.0-empty-to-avoid-conflict-with-guava\listenablefuture-9999.0-empty-to-avoid-conflict-with-guava.jar;C:\Users\aslie\.m2\repository\com\google\j2objc\j2objc-annotations\3.0.0\j2objc-annotations-3.0.0.jar;C:\Users\aslie\.m2\repository\io\opentelemetry\opentelemetry-api\1.50.0\opentelemetry-api-1.50.0.jar;C:\Users\aslie\.m2\repository\io\opentelemetry\opentelemetry-context\1.50.0\opentelemetry-context-1.50.0.jar;C:\Users\aslie\.m2\repository\io\opentelemetry\opentelemetry-exporter-logging\1.50.0\opentelemetry-exporter-logging-1.50.0.jar;C:\Users\aslie\.m2\repository\io\opentelemetry\opentelemetry-sdk-common\1.50.0\opentelemetry-sdk-common-1.50.0.jar;C:\Users\aslie\.m2\repository\io\opentelemetry\opentelemetry-sdk-extension-autoconfigure-spi\1.50.0\opentelemetry-sdk-extension-autoconfigure-spi-1.50.0.jar;C:\Users\aslie\.m2\repository\io\opentelemetry\opentelemetry-sdk-extension-autoconfigure\1.50.0\opentelemetry-sdk-extension-autoconfigure-1.50.0.jar;C:\Users\aslie\.m2\repository\io\opentelemetry\opentelemetry-sdk-trace\1.50.0\opentelemetry-sdk-trace-1.50.0.jar;C:\Users\aslie\.m2\repository\io\opentelemetry\opentelemetry-sdk\1.50.0\opentelemetry-sdk-1.50.0.jar;C:\Users\aslie\.m2\repository\io\opentelemetry\opentelemetry-sdk-metrics\1.50.0\opentelemetry-sdk-metrics-1.50.0.jar;C:\Users\aslie\.m2\repository\io\opentelemetry\opentelemetry-sdk-logs\1.50.0\opentelemetry-sdk-logs-1.50.0.jar;C:\Users\aslie\.m2\repository\net\bytebuddy\byte-buddy\1.17.5\byte-buddy-1.17.5.jar;C:\Users\aslie\.m2\repository\org\seleniumhq\selenium\selenium-os\4.33.0\selenium-os-4.33.0.jar;C:\Users\aslie\.m2\repository\org\apache\commons\commons-exec\1.4.0\commons-exec-1.4.0.jar;C:\Users\aslie\.m2\repository\org\seleniumhq\selenium\selenium-safari-driver\4.33.0\selenium-safari-driver-4.33.0.jar;C:\Users\aslie\.m2\repository\org\seleniumhq\selenium\selenium-support\4.33.0\selenium-support-4.33.0.jar;C:\Users\aslie\.m2\repository\io\github\bonigarcia\webdrivermanager\6.1.0\webdrivermanager-6.1.0.jar;C:\Users\aslie\.m2\repository\com\google\code\gson\gson\2.13.0\gson-2.13.0.jar;C:\Users\aslie\.m2\repository\com\google\errorprone\error_prone_annotations\2.37.0\error_prone_annotations-2.37.0.jar;C:\Users\aslie\.m2\repository\com\github\docker-java\docker-java\3.5.0\docker-java-3.5.0.jar;C:\Users\aslie\.m2\repository\com\github\docker-java\docker-java-core\3.5.0\docker-java-core-3.5.0.jar;C:\Users\aslie\.m2\repository\com\github\docker-java\docker-java-api\3.5.0\docker-java-api-3.5.0.jar;C:\Users\aslie\.m2\repository\com\fasterxml\jackson\core\jackson-annotations\2.18.3\jackson-annotations-2.18.3.jar;C:\Users\aslie\.m2\repository\com\fasterxml\jackson\core\jackson-databind\2.18.3\jackson-databind-2.18.3.jar;C:\Users\aslie\.m2\repository\com\fasterxml\jackson\core\jackson-core\2.18.3\jackson-core-2.18.3.jar;C:\Users\aslie\.m2\repository\org\slf4j\jcl-over-slf4j\1.7.30\jcl-over-slf4j-1.7.30.jar;C:\Users\aslie\.m2\repository\com\github\docker-java\docker-java-transport-httpclient5\3.5.0\docker-java-transport-httpclient5-3.5.0.jar;C:\Users\aslie\.m2\repository\com\github\docker-java\docker-java-transport\3.5.0\docker-java-transport-3.5.0.jar;C:\Users\aslie\.m2\repository\net\java\dev\jna\jna\5.17.0\jna-5.17.0.jar;C:\Users\aslie\.m2\repository\org\brotli\dec\0.1.2\dec-0.1.2.jar;C:\Users\aslie\.m2\repository\org\apache\commons\commons-lang3\3.17.0\commons-lang3-3.17.0.jar;C:\Users\aslie\.m2\repository\org\apache\commons\commons-compress\1.27.1\commons-compress-1.27.1.jar;C:\Users\aslie\.m2\repository\commons-codec\commons-codec\1.17.1\commons-codec-1.17.1.jar;C:\Users\aslie\.m2\repository\commons-io\commons-io\2.16.1\commons-io-2.16.1.jar;C:\Users\aslie\.m2\repository\org\apache\httpcomponents\client5\httpclient5\5.4.3\httpclient5-5.4.3.jar;C:\Users\aslie\.m2\repository\org\apache\httpcomponents\core5\httpcore5\5.3.4\httpcore5-5.3.4.jar;C:\Users\aslie\.m2\repository\org\apache\httpcomponents\core5\httpcore5-h2\5.3.4\httpcore5-h2-5.3.4.jar;C:\Users\aslie\.m2\repository\net\java\dev\jna\jna-platform\5.13.0\jna-platform-5.13.0.jar;C:\Users\aslie\.m2\repository\io\cucumber\cucumber-java\7.11.2\cucumber-java-7.11.2.jar;C:\Users\aslie\.m2\repository\io\cucumber\cucumber-core\7.11.2\cucumber-core-7.11.2.jar;C:\Users\aslie\.m2\repository\io\cucumber\cucumber-gherkin\7.11.2\cucumber-gherkin-7.11.2.jar;C:\Users\aslie\.m2\repository\io\cucumber\cucumber-gherkin-messages\7.11.2\cucumber-gherkin-messages-7.11.2.jar;C:\Users\aslie\.m2\repository\io\cucumber\messages\21.0.1\messages-21.0.1.jar;C:\Users\aslie\.m2\repository\io\cucumber\tag-expressions\5.0.1\tag-expressions-5.0.1.jar;C:\Users\aslie\.m2\repository\io\cucumber\cucumber-expressions\16.1.2\cucumber-expressions-16.1.2.jar;C:\Users\aslie\.m2\repository\io\cucumber\datatable\7.11.2\datatable-7.11.2.jar;C:\Users\aslie\.m2\repository\io\cucumber\cucumber-plugin\7.11.2\cucumber-plugin-7.11.2.jar;C:\Users\aslie\.m2\repository\io\cucumber\docstring\7.11.2\docstring-7.11.2.jar;C:\Users\aslie\.m2\repository\io\cucumber\html-formatter\20.2.1\html-formatter-20.2.1.jar;C:\Users\aslie\.m2\repository\io\cucumber\junit-xml-formatter\0.1.0\junit-xml-formatter-0.1.0.jar;C:\Users\aslie\.m2\repository\io\cucumber\ci-environment\9.1.0\ci-environment-9.1.0.jar;C:\Users\aslie\.m2\repository\org\apiguardian\apiguardian-api\1.1.2\apiguardian-api-1.1.2.jar;C:\Users\aslie\.m2\repository\io\cucumber\cucumber-junit-platform-engine\7.11.2\cucumber-junit-platform-engine-7.11.2.jar;C:\Users\aslie\.m2\repository\org\junit\platform\junit-platform-engine\1.9.3\junit-platform-engine-1.9.3.jar;C:\Users\aslie\.m2\repository\org\junit\jupiter\junit-jupiter-api\5.9.3\junit-jupiter-api-5.9.3.jar;C:\Users\aslie\.m2\repository\org\opentest4j\opentest4j\1.2.0\opentest4j-1.2.0.jar;C:\Users\aslie\.m2\repository\org\junit\jupiter\junit-jupiter-engine\5.9.3\junit-jupiter-engine-5.9.3.jar;C:\Users\aslie\.m2\repository\org\junit\platform\junit-platform-launcher\1.9.3\junit-platform-launcher-1.9.3.jar;C:\Users\aslie\.m2\repository\org\junit\platform\junit-platform-commons\1.9.3\junit-platform-commons-1.9.3.jar;C:\Users\aslie\.m2\repository\org\junit\platform\junit-platform-suite\1.9.3\junit-platform-suite-1.9.3.jar;C:\Users\aslie\.m2\repository\org\junit\platform\junit-platform-suite-api\1.9.3\junit-platform-suite-api-1.9.3.jar;C:\Users\aslie\.m2\repository\org\junit\platform\junit-platform-suite-engine\1.9.3\junit-platform-suite-engine-1.9.3.jar;C:\Users\aslie\.m2\repository\org\junit\platform\junit-platform-suite-commons\1.9.3\junit-platform-suite-commons-1.9.3.jar;C:\Users\aslie\.m2\repository\org\projectlombok\lombok\1.18.38\lombok-1.18.38.jar;C:\Users\aslie\.m2\repository\org\slf4j\slf4j-api\2.0.13\slf4j-api-2.0.13.jar;C:\Users\aslie\.m2\repository\org\slf4j\slf4j-simple\2.0.13\slf4j-simple-2.0.13.jar;C:\Users\aslie\.m2\repository\io\qameta\allure\allure-cucumber7-jvm\2.24.0\allure-cucumber7-jvm-2.24.0.jar;C:\Users\aslie\.m2\repository\io\cucumber\gherkin\26.2.0\gherkin-26.2.0.jar;C:\Users\aslie\.m2\repository\io\qameta\allure\allure-java-commons\2.24.0\allure-java-commons-2.24.0.jar;C:\Users\aslie\.m2\repository\io\qameta\allure\allure-model\2.24.0\allure-model-2.24.0.jar;C:\Users\aslie\.m2\repository\io\qameta\allure\allure-junit5\2.24.0\allure-junit5-2.24.0.jar;C:\Users\aslie\.m2\repository\io\qameta\allure\allure-junit-platform\2.24.0\allure-junit-platform-2.24.0.jar;C:\Users\aslie\.m2\repository\io\qameta\allure\allure-test-filter\2.24.0\allure-test-filter-2.24.0.jar;"/>
    <property name="allure.results.directory" value="C:\Users\aslie\IdeaProjects\saucedemo-regression-suite\target/allure-results"/>
    <property name="sun.cpu.endian" value="little"/>
    <property name="user.home" value="C:\Users\aslie"/>
    <property name="user.language" value="de"/>
    <property name="java.specification.vendor" value="Oracle Corporation"/>
    <property name="java.version.date" value="2024-07-16"/>
    <property name="java.home" value="C:\Program Files\Java\jdk-17"/>
    <property name="file.separator" value="\"/>
    <property name="basedir" value="C:\Users\aslie\IdeaProjects\saucedemo-regression-suite"/>
    <property name="java.vm.compressedOopsMode" value="Zero based"/>
    <property name="line.separator" value="&#10;"/>
    <property name="java.vm.specification.vendor" value="Oracle Corporation"/>
    <property name="java.specification.name" value="Java Platform API Specification"/>
    <property name="surefire.real.class.path" value="C:\Users\aslie\AppData\Local\Temp\surefire1408033865163852487\surefirebooter-20250610094226746_3.jar"/>
    <property name="user.script" value=""/>
    <property name="sun.management.compiler" value="HotSpot 64-Bit Tiered Compilers"/>
    <property name="java.runtime.version" value="17.0.12+8-LTS-286"/>
    <property name="user.name" value="aslie"/>
    <property name="path.separator" value=";"/>
    <property name="os.version" value="10.0"/>
    <property name="java.runtime.name" value="Java(TM) SE Runtime Environment"/>
    <property name="file.encoding" value="Cp1252"/>
    <property name="java.vm.name" value="Java HotSpot(TM) 64-Bit Server VM"/>
    <property name="localRepository" value="C:\Users\aslie\.m2\repository"/>
    <property name="java.vendor.url.bug" value="https://bugreport.java.com/bugreport/"/>
    <property name="java.io.tmpdir" value="C:\Users\aslie\AppData\Local\Temp\"/>
    <property name="java.version" value="17.0.12"/>
    <property name="user.dir" value="C:\Users\aslie\IdeaProjects\saucedemo-regression-suite"/>
    <property name="os.arch" value="amd64"/>
    <property name="java.vm.specification.name" value="Java Virtual Machine Specification"/>
    <property name="sun.os.patch.level" value=""/>
    <property name="native.encoding" value="Cp1252"/>
    <property name="java.library.path" value="C:\Program Files\Java\jdk-17\bin;C:\WINDOWS\Sun\Java\bin;C:\WINDOWS\system32;C:\WINDOWS;C:\Python312\Scripts\;C:\Python312\;C:\Program Files\Common Files\Oracle\Java\javapath;C:\WINDOWS\system32;C:\WINDOWS;C:\WINDOWS\System32\Wbem;C:\WINDOWS\System32\WindowsPowerShell\v1.0\;C:\WINDOWS\System32\OpenSSH\;C:\Program Files\Git\cmd;C:\Program Files\nodejs\;C:\ProgramData\chocolatey\bin;C:\Program Files\apache-maven-3.9.9\bin;C:\Users\aslie\AppData\Local\Android \Sdk\platform-tools;C:\Programme\MongoDB\Server\8.0.9\bin;C:\Tools\allure-2.34.0\allure-2.34.0\bin;C:\Users\aslie\AppData\Local\Microsoft\WindowsApps;;C:\Users\aslie\AppData\Roaming\Programs\Zero Install;C:\Users\aslie\AppData\Local\Programs\Microsoft VS Code\bin;C:\Users\aslie\AppData\Roaming\npm;%USERPROFILE%\AppData\Local\Microsoft\WindowsApps;."/>
    <property name="java.vm.info" value="mixed mode, sharing"/>
    <property name="java.vendor" value="Oracle Corporation"/>
    <property name="java.vm.version" value="17.0.12+8-LTS-286"/>
    <property name="sun.io.unicode.encoding" value="UnicodeLittle"/>
    <property name="java.class.version" value="61.0"/>
  </properties>
  <testcase name="Example #1.1" classname="Examples" time="9.734">
    <system-out><![CDATA[
@regression @cart @regression
Scenario Outline: User can add a product to the cart and see correct details &amp#27;[90m# src/test/resources/features/cart.feature:19&amp#27;[0m
  &amp#27;[32mGiven &amp#27;[0m&amp#27;[32mI am logged in as a standard user&amp#27;[0m                                    &amp#27;[90m# stepdefinitions.UiSteps.iAmLoggedInAsAStandardUser()&amp#27;[0m
  &amp#27;[32mWhen &amp#27;[0m&amp#27;[32mI add the product &amp#27;[0m&amp#27;[32m&amp#27;[1m"Sauce Labs Bike Light"&amp#27;[0m&amp#27;[32m to the cart&amp#27;[0m                 &amp#27;[90m# stepdefinitions.UiSteps.i_add_the_product_to_the_cart(java.lang.String)&amp#27;[0m
  &amp#27;[32mAnd &amp#27;[0m&amp#27;[32mI click the &amp#27;[0m&amp#27;[32m&amp#27;[1m"cart"&amp#27;[0m&amp#27;[32m button&amp#27;[0m                                              &amp#27;[90m# stepdefinitions.UiSteps.i_click_the_button(java.lang.String)&amp#27;[0m
  &amp#27;[32mThen &amp#27;[0m&amp#27;[32mI should see &amp#27;[0m&amp#27;[32m&amp#27;[1m"Sauce Labs Bike Light"&amp#27;[0m&amp#27;[32m in the cart&amp#27;[0m                      &amp#27;[90m# stepdefinitions.UiSteps.iShouldSeeInTheCart(java.lang.String)&amp#27;[0m
  &amp#27;[32mAnd &amp#27;[0m&amp#27;[32mThe price for &amp#27;[0m&amp#27;[32m&amp#27;[1m"Sauce Labs Bike Light"&amp#27;[0m&amp#27;[32m should be displayed correctly&amp#27;[0m    &amp#27;[90m# stepdefinitions.UiSteps.thePriceForShouldBeDisplayedCorrectly(java.lang.String)&amp#27;[0m
  &amp#27;[32mAnd &amp#27;[0m&amp#27;[32mThe "Remove" button should be visible for &amp#27;[0m&amp#27;[32m&amp#27;[1m"Sauce Labs Bike Light"&amp#27;[0m      &amp#27;[90m# stepdefinitions.UiSteps.theRemoveButtonShouldBeVisibleFor(java.lang.String)&amp#27;[0m
]]></system-out>
    <system-err><![CDATA[Juni 10, 2025 9:42:27 AM io.cucumber.junit.platform.engine.DiscoverySelectorResolver warnWhenCucumberFeaturesPropertyIsUsed
WARNUNG: Discovering tests using the cucumber.features property. Other discovery selectors are ignored!
Please request/upvote/sponsor/ect better support for JUnit 5 discovery selectors.
See: https://github.com/cucumber/cucumber-jvm/pull/2498
[main] INFO hooks.Hooks - Environment: [test]
[main] INFO io.github.bonigarcia.wdm.WebDriverManager - Using chromedriver 137.0.7151.68 (resolved driver for Chrome 137)
[main] INFO io.github.bonigarcia.wdm.WebDriverManager - Exporting webdriver.chrome.driver as C:\Users\aslie\.cache\selenium\chromedriver\win64\137.0.7151.68\chromedriver.exe
[main] INFO hooks.Hooks -  Navigated to: https://www.saucedemo.com/
[main] INFO hooks.Hooks -  Scenario PASSED: User can add a product to the cart and see correct details
]]></system-err>
  </testcase>
  <testcase name="Example #1.1" classname="Examples" time="11.255">
    <system-out><![CDATA[
@regression @cart @regression
Scenario Outline: User can remove a product from the cart        &amp#27;[90m# src/test/resources/features/cart.feature:33&amp#27;[0m
  &amp#27;[32mGiven &amp#27;[0m&amp#27;[32mI am logged in as a standard user&amp#27;[0m                        &amp#27;[90m# stepdefinitions.UiSteps.iAmLoggedInAsAStandardUser()&amp#27;[0m
  &amp#27;[32mWhen &amp#27;[0m&amp#27;[32mI add the product &amp#27;[0m&amp#27;[32m&amp#27;[1m"Sauce Labs Bike Light"&amp#27;[0m&amp#27;[32m to the cart&amp#27;[0m     &amp#27;[90m# stepdefinitions.UiSteps.i_add_the_product_to_the_cart(java.lang.String)&amp#27;[0m
  &amp#27;[32mAnd &amp#27;[0m&amp#27;[32mI click the &amp#27;[0m&amp#27;[32m&amp#27;[1m"cart"&amp#27;[0m&amp#27;[32m button&amp#27;[0m                                  &amp#27;[90m# stepdefinitions.UiSteps.i_click_the_button(java.lang.String)&amp#27;[0m
  &amp#27;[32mAnd &amp#27;[0m&amp#27;[32mI remove the product &amp#27;[0m&amp#27;[32m&amp#27;[1m"Sauce Labs Bike Light"&amp#27;[0m&amp#27;[32m from the cart&amp#27;[0m &amp#27;[90m# stepdefinitions.UiSteps.iRemoveTheProductFromTheCart(java.lang.String)&amp#27;[0m
  &amp#27;[32mThen &amp#27;[0m&amp#27;[32mThe cart should be empty&amp#27;[0m                                  &amp#27;[90m# stepdefinitions.UiSteps.theCartShouldBeEmpty()&amp#27;[0m
]]></system-out>
    <system-err><![CDATA[[main] INFO hooks.Hooks - Environment: [test]
[main] INFO io.github.bonigarcia.wdm.WebDriverManager - Using chromedriver 137.0.7151.68 (resolved driver for Chrome 137)
[main] INFO io.github.bonigarcia.wdm.WebDriverManager - Exporting webdriver.chrome.driver as C:\Users\aslie\.cache\selenium\chromedriver\win64\137.0.7151.68\chromedriver.exe
[main] INFO hooks.Hooks -  Navigated to: https://www.saucedemo.com/
[main] INFO hooks.Hooks -  Scenario PASSED: User can remove a product from the cart
]]></system-err>
  </testcase>
  <testcase name="Example #1.1" classname="Examples" time="15.152">
    <system-out><![CDATA[
@regression @regression @order-summary
Scenario Outline: The checkout overview calculations should be correct for various carts &amp#27;[90m# src/test/resources/features/checkout_overview.feature:20&amp#27;[0m
  &amp#27;[32mGiven &amp#27;[0m&amp#27;[32mI am logged in as a standard user&amp#27;[0m                                                &amp#27;[90m# stepdefinitions.UiSteps.iAmLoggedInAsAStandardUser()&amp#27;[0m
  &amp#27;[32mWhen &amp#27;[0m&amp#27;[32mI add the product &amp#27;[0m&amp#27;[32m&amp#27;[1m"Sauce Labs Bike Light"&amp#27;[0m&amp#27;[32m to the cart&amp#27;[0m                             &amp#27;[90m# stepdefinitions.UiSteps.i_add_the_product_to_the_cart(java.lang.String)&amp#27;[0m
  &amp#27;[32mAnd &amp#27;[0m&amp#27;[32mI add the product &amp#27;[0m&amp#27;[32m&amp#27;[1m"Sauce Labs Backpack"&amp#27;[0m&amp#27;[32m to the cart&amp#27;[0m                                &amp#27;[90m# stepdefinitions.UiSteps.i_add_the_product_to_the_cart(java.lang.String)&amp#27;[0m
  &amp#27;[32mAnd &amp#27;[0m&amp#27;[32mI go to the checkout overview page&amp#27;[0m                                                 &amp#27;[90m# stepdefinitions.UiSteps.iGoToTheCheckoutOverviewPage()&amp#27;[0m
  &amp#27;[32mThen &amp#27;[0m&amp#27;[32mThe item total should match the sum of product data&amp#27;[0m                               &amp#27;[90m# stepdefinitions.UiSteps.theItemTotalShouldMatchTheSumOfProductData()&amp#27;[0m
  &amp#27;[32mAnd &amp#27;[0m&amp#27;[32mThe tax should be calculated correctly&amp#27;[0m                                             &amp#27;[90m# stepdefinitions.UiSteps.theTaxShouldBeCalculatedCorrectly()&amp#27;[0m
  &amp#27;[32mAnd &amp#27;[0m&amp#27;[32mThe total price should match the sum of product data and tax&amp#27;[0m                       &amp#27;[90m# stepdefinitions.UiSteps.theTotalPriceShouldMatchTheSumOfProductDataAndTax()&amp#27;[0m
]]></system-out>
    <system-err><![CDATA[[main] INFO hooks.Hooks - Environment: [test]
[main] INFO io.github.bonigarcia.wdm.WebDriverManager - Using chromedriver 137.0.7151.68 (resolved driver for Chrome 137)
[main] INFO io.github.bonigarcia.wdm.WebDriverManager - Exporting webdriver.chrome.driver as C:\Users\aslie\.cache\selenium\chromedriver\win64\137.0.7151.68\chromedriver.exe
[main] INFO hooks.Hooks -  Navigated to: https://www.saucedemo.com/
[main] INFO hooks.Hooks -  Scenario PASSED: The checkout overview calculations should be correct for various carts
]]></system-err>
  </testcase>
  <testcase name="Example #1.1" classname="Examples" time="14.631">
    <system-out><![CDATA[
@regression @product @regression
Scenario Outline: Add and remove single product from cart                &amp#27;[90m# src/test/resources/features/product.feature:19&amp#27;[0m
  &amp#27;[32mGiven &amp#27;[0m&amp#27;[32mI am logged in as a standard user&amp#27;[0m                                &amp#27;[90m# stepdefinitions.UiSteps.iAmLoggedInAsAStandardUser()&amp#27;[0m
  &amp#27;[32mThen &amp#27;[0m&amp#27;[32mI should see the &amp#27;[0m&amp#27;[32m&amp#27;[1m"products"&amp#27;[0m&amp#27;[32m page&amp#27;[0m                                  &amp#27;[90m# stepdefinitions.UiSteps.i_should_see_the_page(java.lang.String)&amp#27;[0m
  &amp#27;[32mWhen &amp#27;[0m&amp#27;[32mI add the product &amp#27;[0m&amp#27;[32m&amp#27;[1m"Sauce Labs Backpack"&amp#27;[0m&amp#27;[32m to the cart&amp#27;[0m               &amp#27;[90m# stepdefinitions.UiSteps.i_add_the_product_to_the_cart(java.lang.String)&amp#27;[0m
  &amp#27;[32mThen &amp#27;[0m&amp#27;[32mthe cart icon should show &amp#27;[0m&amp#27;[32m&amp#27;[1m"1"&amp#27;[0m                                     &amp#27;[90m# stepdefinitions.UiSteps.the_cart_icon_should_show(java.lang.String)&amp#27;[0m
  &amp#27;[32mWhen &amp#27;[0m&amp#27;[32mI remove &amp#27;[0m&amp#27;[32m&amp#27;[1m"Sauce Labs Backpack"&amp#27;[0m&amp#27;[32m from my cart via the products page&amp#27;[0m &amp#27;[90m# stepdefinitions.UiSteps.iRemoveFromMyCartViaTheProductsPage(java.lang.String)&amp#27;[0m
  &amp#27;[32mThen &amp#27;[0m&amp#27;[32mthe cart icon should show &amp#27;[0m&amp#27;[32m&amp#27;[1m"0"&amp#27;[0m                                     &amp#27;[90m# stepdefinitions.UiSteps.the_cart_icon_should_show(java.lang.String)&amp#27;[0m
]]></system-out>
    <system-err><![CDATA[[main] INFO hooks.Hooks - Environment: [test]
[main] INFO io.github.bonigarcia.wdm.WebDriverManager - Using chromedriver 137.0.7151.68 (resolved driver for Chrome 137)
[main] INFO io.github.bonigarcia.wdm.WebDriverManager - Exporting webdriver.chrome.driver as C:\Users\aslie\.cache\selenium\chromedriver\win64\137.0.7151.68\chromedriver.exe
[main] INFO hooks.Hooks -  Navigated to: https://www.saucedemo.com/
[main] INFO hooks.Hooks -  Scenario PASSED: Add and remove single product from cart
]]></system-err>
  </testcase>
  <testcase name="Example #1.2" classname="Examples" time="8.356">
    <system-out><![CDATA[
@regression @cart @regression
Scenario Outline: User can add a product to the cart and see correct details &amp#27;[90m# src/test/resources/features/cart.feature:20&amp#27;[0m
  &amp#27;[32mGiven &amp#27;[0m&amp#27;[32mI am logged in as a standard user&amp#27;[0m                                    &amp#27;[90m# stepdefinitions.UiSteps.iAmLoggedInAsAStandardUser()&amp#27;[0m
  &amp#27;[32mWhen &amp#27;[0m&amp#27;[32mI add the product &amp#27;[0m&amp#27;[32m&amp#27;[1m"Sauce Labs Fleece Jacket"&amp#27;[0m&amp#27;[32m to the cart&amp#27;[0m              &amp#27;[90m# stepdefinitions.UiSteps.i_add_the_product_to_the_cart(java.lang.String)&amp#27;[0m
  &amp#27;[32mAnd &amp#27;[0m&amp#27;[32mI click the &amp#27;[0m&amp#27;[32m&amp#27;[1m"cart"&amp#27;[0m&amp#27;[32m button&amp#27;[0m                                              &amp#27;[90m# stepdefinitions.UiSteps.i_click_the_button(java.lang.String)&amp#27;[0m
  &amp#27;[32mThen &amp#27;[0m&amp#27;[32mI should see &amp#27;[0m&amp#27;[32m&amp#27;[1m"Sauce Labs Fleece Jacket"&amp#27;[0m&amp#27;[32m in the cart&amp#27;[0m                   &amp#27;[90m# stepdefinitions.UiSteps.iShouldSeeInTheCart(java.lang.String)&amp#27;[0m
  &amp#27;[32mAnd &amp#27;[0m&amp#27;[32mThe price for &amp#27;[0m&amp#27;[32m&amp#27;[1m"Sauce Labs Fleece Jacket"&amp#27;[0m&amp#27;[32m should be displayed correctly&amp#27;[0m &amp#27;[90m# stepdefinitions.UiSteps.thePriceForShouldBeDisplayedCorrectly(java.lang.String)&amp#27;[0m
  &amp#27;[32mAnd &amp#27;[0m&amp#27;[32mThe "Remove" button should be visible for &amp#27;[0m&amp#27;[32m&amp#27;[1m"Sauce Labs Fleece Jacket"&amp#27;[0m   &amp#27;[90m# stepdefinitions.UiSteps.theRemoveButtonShouldBeVisibleFor(java.lang.String)&amp#27;[0m
]]></system-out>
    <system-err><![CDATA[[main] INFO hooks.Hooks - Environment: [test]
[main] INFO io.github.bonigarcia.wdm.WebDriverManager - Using chromedriver 137.0.7151.68 (resolved driver for Chrome 137)
[main] INFO io.github.bonigarcia.wdm.WebDriverManager - Exporting webdriver.chrome.driver as C:\Users\aslie\.cache\selenium\chromedriver\win64\137.0.7151.68\chromedriver.exe
[main] INFO hooks.Hooks -  Navigated to: https://www.saucedemo.com/
[main] INFO hooks.Hooks -  Scenario PASSED: User can add a product to the cart and see correct details
]]></system-err>
  </testcase>
  <testcase name="Example #1.2" classname="Examples" time="11.287">
    <system-out><![CDATA[
@regression @cart @regression
Scenario Outline: User can remove a product from the cart           &amp#27;[90m# src/test/resources/features/cart.feature:34&amp#27;[0m
  &amp#27;[32mGiven &amp#27;[0m&amp#27;[32mI am logged in as a standard user&amp#27;[0m                           &amp#27;[90m# stepdefinitions.UiSteps.iAmLoggedInAsAStandardUser()&amp#27;[0m
  &amp#27;[32mWhen &amp#27;[0m&amp#27;[32mI add the product &amp#27;[0m&amp#27;[32m&amp#27;[1m"Sauce Labs Fleece Jacket"&amp#27;[0m&amp#27;[32m to the cart&amp#27;[0m     &amp#27;[90m# stepdefinitions.UiSteps.i_add_the_product_to_the_cart(java.lang.String)&amp#27;[0m
  &amp#27;[32mAnd &amp#27;[0m&amp#27;[32mI click the &amp#27;[0m&amp#27;[32m&amp#27;[1m"cart"&amp#27;[0m&amp#27;[32m button&amp#27;[0m                                     &amp#27;[90m# stepdefinitions.UiSteps.i_click_the_button(java.lang.String)&amp#27;[0m
  &amp#27;[32mAnd &amp#27;[0m&amp#27;[32mI remove the product &amp#27;[0m&amp#27;[32m&amp#27;[1m"Sauce Labs Fleece Jacket"&amp#27;[0m&amp#27;[32m from the cart&amp#27;[0m &amp#27;[90m# stepdefinitions.UiSteps.iRemoveTheProductFromTheCart(java.lang.String)&amp#27;[0m
  &amp#27;[32mThen &amp#27;[0m&amp#27;[32mThe cart should be empty&amp#27;[0m                                     &amp#27;[90m# stepdefinitions.UiSteps.theCartShouldBeEmpty()&amp#27;[0m
]]></system-out>
    <system-err><![CDATA[[main] INFO hooks.Hooks - Environment: [test]
[main] INFO io.github.bonigarcia.wdm.WebDriverManager - Using chromedriver 137.0.7151.68 (resolved driver for Chrome 137)
[main] INFO io.github.bonigarcia.wdm.WebDriverManager - Exporting webdriver.chrome.driver as C:\Users\aslie\.cache\selenium\chromedriver\win64\137.0.7151.68\chromedriver.exe
[main] INFO hooks.Hooks -  Navigated to: https://www.saucedemo.com/
[main] INFO hooks.Hooks -  Scenario PASSED: User can remove a product from the cart
]]></system-err>
  </testcase>
  <testcase name="Example #1.2" classname="Examples" time="15.347">
    <system-out><![CDATA[
@regression @regression @order-summary
Scenario Outline: The checkout overview calculations should be correct for various carts &amp#27;[90m# src/test/resources/features/checkout_overview.feature:21&amp#27;[0m
  &amp#27;[32mGiven &amp#27;[0m&amp#27;[32mI am logged in as a standard user&amp#27;[0m                                                &amp#27;[90m# stepdefinitions.UiSteps.iAmLoggedInAsAStandardUser()&amp#27;[0m
  &amp#27;[32mWhen &amp#27;[0m&amp#27;[32mI add the product &amp#27;[0m&amp#27;[32m&amp#27;[1m"Sauce Labs Bolt T-Shirt"&amp#27;[0m&amp#27;[32m to the cart&amp#27;[0m                           &amp#27;[90m# stepdefinitions.UiSteps.i_add_the_product_to_the_cart(java.lang.String)&amp#27;[0m
  &amp#27;[32mAnd &amp#27;[0m&amp#27;[32mI add the product &amp#27;[0m&amp#27;[32m&amp#27;[1m"Sauce Labs Fleece Jacket"&amp#27;[0m&amp#27;[32m to the cart&amp#27;[0m                           &amp#27;[90m# stepdefinitions.UiSteps.i_add_the_product_to_the_cart(java.lang.String)&amp#27;[0m
  &amp#27;[32mAnd &amp#27;[0m&amp#27;[32mI go to the checkout overview page&amp#27;[0m                                                 &amp#27;[90m# stepdefinitions.UiSteps.iGoToTheCheckoutOverviewPage()&amp#27;[0m
  &amp#27;[32mThen &amp#27;[0m&amp#27;[32mThe item total should match the sum of product data&amp#27;[0m                               &amp#27;[90m# stepdefinitions.UiSteps.theItemTotalShouldMatchTheSumOfProductData()&amp#27;[0m
  &amp#27;[32mAnd &amp#27;[0m&amp#27;[32mThe tax should be calculated correctly&amp#27;[0m                                             &amp#27;[90m# stepdefinitions.UiSteps.theTaxShouldBeCalculatedCorrectly()&amp#27;[0m
  &amp#27;[32mAnd &amp#27;[0m&amp#27;[32mThe total price should match the sum of product data and tax&amp#27;[0m                       &amp#27;[90m# stepdefinitions.UiSteps.theTotalPriceShouldMatchTheSumOfProductDataAndTax()&amp#27;[0m
]]></system-out>
    <system-err><![CDATA[[main] INFO hooks.Hooks - Environment: [test]
[main] INFO io.github.bonigarcia.wdm.WebDriverManager - Using chromedriver 137.0.7151.68 (resolved driver for Chrome 137)
[main] INFO io.github.bonigarcia.wdm.WebDriverManager - Exporting webdriver.chrome.driver as C:\Users\aslie\.cache\selenium\chromedriver\win64\137.0.7151.68\chromedriver.exe
[main] INFO hooks.Hooks -  Navigated to: https://www.saucedemo.com/
[main] INFO hooks.Hooks -  Scenario PASSED: The checkout overview calculations should be correct for various carts
]]></system-err>
  </testcase>
  <testcase name="Example #1.2" classname="Examples" time="14.519">
    <system-out><![CDATA[
@regression @product @regression
Scenario Outline: Add and remove single product from cart                  &amp#27;[90m# src/test/resources/features/product.feature:20&amp#27;[0m
  &amp#27;[32mGiven &amp#27;[0m&amp#27;[32mI am logged in as a standard user&amp#27;[0m                                  &amp#27;[90m# stepdefinitions.UiSteps.iAmLoggedInAsAStandardUser()&amp#27;[0m
  &amp#27;[32mThen &amp#27;[0m&amp#27;[32mI should see the &amp#27;[0m&amp#27;[32m&amp#27;[1m"products"&amp#27;[0m&amp#27;[32m page&amp#27;[0m                                    &amp#27;[90m# stepdefinitions.UiSteps.i_should_see_the_page(java.lang.String)&amp#27;[0m
  &amp#27;[32mWhen &amp#27;[0m&amp#27;[32mI add the product &amp#27;[0m&amp#27;[32m&amp#27;[1m"Sauce Labs Bike Light"&amp#27;[0m&amp#27;[32m to the cart&amp#27;[0m               &amp#27;[90m# stepdefinitions.UiSteps.i_add_the_product_to_the_cart(java.lang.String)&amp#27;[0m
  &amp#27;[32mThen &amp#27;[0m&amp#27;[32mthe cart icon should show &amp#27;[0m&amp#27;[32m&amp#27;[1m"1"&amp#27;[0m                                       &amp#27;[90m# stepdefinitions.UiSteps.the_cart_icon_should_show(java.lang.String)&amp#27;[0m
  &amp#27;[32mWhen &amp#27;[0m&amp#27;[32mI remove &amp#27;[0m&amp#27;[32m&amp#27;[1m"Sauce Labs Bike Light"&amp#27;[0m&amp#27;[32m from my cart via the products page&amp#27;[0m &amp#27;[90m# stepdefinitions.UiSteps.iRemoveFromMyCartViaTheProductsPage(java.lang.String)&amp#27;[0m
  &amp#27;[32mThen &amp#27;[0m&amp#27;[32mthe cart icon should show &amp#27;[0m&amp#27;[32m&amp#27;[1m"0"&amp#27;[0m                                       &amp#27;[90m# stepdefinitions.UiSteps.the_cart_icon_should_show(java.lang.String)&amp#27;[0m
]]></system-out>
    <system-err><![CDATA[[main] INFO hooks.Hooks - Environment: [test]
[main] INFO io.github.bonigarcia.wdm.WebDriverManager - Using chromedriver 137.0.7151.68 (resolved driver for Chrome 137)
[main] INFO io.github.bonigarcia.wdm.WebDriverManager - Exporting webdriver.chrome.driver as C:\Users\aslie\.cache\selenium\chromedriver\win64\137.0.7151.68\chromedriver.exe
[main] INFO hooks.Hooks -  Navigated to: https://www.saucedemo.com/
[main] INFO hooks.Hooks -  Scenario PASSED: Add and remove single product from cart
]]></system-err>
  </testcase>
  <testcase name="Example #1.3" classname="Examples" time="14.618">
    <system-out><![CDATA[
@regression @product @regression
Scenario Outline: Add and remove single product from cart                    &amp#27;[90m# src/test/resources/features/product.feature:21&amp#27;[0m
  &amp#27;[32mGiven &amp#27;[0m&amp#27;[32mI am logged in as a standard user&amp#27;[0m                                    &amp#27;[90m# stepdefinitions.UiSteps.iAmLoggedInAsAStandardUser()&amp#27;[0m
  &amp#27;[32mThen &amp#27;[0m&amp#27;[32mI should see the &amp#27;[0m&amp#27;[32m&amp#27;[1m"products"&amp#27;[0m&amp#27;[32m page&amp#27;[0m                                      &amp#27;[90m# stepdefinitions.UiSteps.i_should_see_the_page(java.lang.String)&amp#27;[0m
  &amp#27;[32mWhen &amp#27;[0m&amp#27;[32mI add the product &amp#27;[0m&amp#27;[32m&amp#27;[1m"Sauce Labs Bolt T-Shirt"&amp#27;[0m&amp#27;[32m to the cart&amp#27;[0m               &amp#27;[90m# stepdefinitions.UiSteps.i_add_the_product_to_the_cart(java.lang.String)&amp#27;[0m
  &amp#27;[32mThen &amp#27;[0m&amp#27;[32mthe cart icon should show &amp#27;[0m&amp#27;[32m&amp#27;[1m"1"&amp#27;[0m                                         &amp#27;[90m# stepdefinitions.UiSteps.the_cart_icon_should_show(java.lang.String)&amp#27;[0m
  &amp#27;[32mWhen &amp#27;[0m&amp#27;[32mI remove &amp#27;[0m&amp#27;[32m&amp#27;[1m"Sauce Labs Bolt T-Shirt"&amp#27;[0m&amp#27;[32m from my cart via the products page&amp#27;[0m &amp#27;[90m# stepdefinitions.UiSteps.iRemoveFromMyCartViaTheProductsPage(java.lang.String)&amp#27;[0m
  &amp#27;[32mThen &amp#27;[0m&amp#27;[32mthe cart icon should show &amp#27;[0m&amp#27;[32m&amp#27;[1m"0"&amp#27;[0m                                         &amp#27;[90m# stepdefinitions.UiSteps.the_cart_icon_should_show(java.lang.String)&amp#27;[0m
]]></system-out>
    <system-err><![CDATA[[main] INFO hooks.Hooks - Environment: [test]
[main] INFO io.github.bonigarcia.wdm.WebDriverManager - Using chromedriver 137.0.7151.68 (resolved driver for Chrome 137)
[main] INFO io.github.bonigarcia.wdm.WebDriverManager - Exporting webdriver.chrome.driver as C:\Users\aslie\.cache\selenium\chromedriver\win64\137.0.7151.68\chromedriver.exe
[main] INFO hooks.Hooks -  Navigated to: https://www.saucedemo.com/
[main] INFO hooks.Hooks -  Scenario PASSED: Add and remove single product from cart
]]></system-err>
  </testcase>
  <testcase name="Cart is empty if no product is added" classname="Cart state with no products" time="9.001">
    <system-out><![CDATA[
@regression @cart @regression
Scenario: Cart is empty if no product is added &amp#27;[90m# src/test/resources/features/cart.feature:39&amp#27;[0m
  &amp#27;[32mGiven &amp#27;[0m&amp#27;[32mI am logged in as a standard user&amp#27;[0m      &amp#27;[90m# stepdefinitions.UiSteps.iAmLoggedInAsAStandardUser()&amp#27;[0m
  &amp#27;[32mWhen &amp#27;[0m&amp#27;[32mI click the &amp#27;[0m&amp#27;[32m&amp#27;[1m"cart"&amp#27;[0m&amp#27;[32m button&amp#27;[0m               &amp#27;[90m# stepdefinitions.UiSteps.i_click_the_button(java.lang.String)&amp#27;[0m
  &amp#27;[32mThen &amp#27;[0m&amp#27;[32mThe cart should be empty&amp#27;[0m                &amp#27;[90m# stepdefinitions.UiSteps.theCartShouldBeEmpty()&amp#27;[0m
]]></system-out>
    <system-err><![CDATA[[main] INFO hooks.Hooks - Environment: [test]
[main] INFO io.github.bonigarcia.wdm.WebDriverManager - Using chromedriver 137.0.7151.68 (resolved driver for Chrome 137)
[main] INFO io.github.bonigarcia.wdm.WebDriverManager - Exporting webdriver.chrome.driver as C:\Users\aslie\.cache\selenium\chromedriver\win64\137.0.7151.68\chromedriver.exe
[main] INFO hooks.Hooks -  Navigated to: https://www.saucedemo.com/
[main] INFO hooks.Hooks -  Scenario PASSED: Cart is empty if no product is added
]]></system-err>
  </testcase>
  <testcase name="User completes checkout information with valid data" classname="Completing checkout information" time="12.882">
    <system-out><![CDATA[
@regression @regression
Scenario: User completes checkout information with valid data &amp#27;[90m# src/test/resources/features/checkout_information.feature:16&amp#27;[0m
  &amp#27;[32mGiven &amp#27;[0m&amp#27;[32mI am logged in as a standard user&amp#27;[0m                     &amp#27;[90m# stepdefinitions.UiSteps.iAmLoggedInAsAStandardUser()&amp#27;[0m
  &amp#27;[32mThen &amp#27;[0m&amp#27;[32mI should see the &amp#27;[0m&amp#27;[32m&amp#27;[1m"products"&amp#27;[0m&amp#27;[32m page&amp#27;[0m                       &amp#27;[90m# stepdefinitions.UiSteps.i_should_see_the_page(java.lang.String)&amp#27;[0m
  &amp#27;[32mWhen &amp#27;[0m&amp#27;[32mI add the product &amp#27;[0m&amp#27;[32m&amp#27;[1m"Sauce Labs Bike Light"&amp#27;[0m&amp#27;[32m to the cart&amp#27;[0m  &amp#27;[90m# stepdefinitions.UiSteps.i_add_the_product_to_the_cart(java.lang.String)&amp#27;[0m
  &amp#27;[32mAnd &amp#27;[0m&amp#27;[32mI click the &amp#27;[0m&amp#27;[32m&amp#27;[1m"cart"&amp#27;[0m&amp#27;[32m button&amp#27;[0m                               &amp#27;[90m# stepdefinitions.UiSteps.i_click_the_button(java.lang.String)&amp#27;[0m
  &amp#27;[32mThen &amp#27;[0m&amp#27;[32mI should see the &amp#27;[0m&amp#27;[32m&amp#27;[1m"Cart"&amp#27;[0m&amp#27;[32m page&amp#27;[0m                           &amp#27;[90m# stepdefinitions.UiSteps.i_should_see_the_page(java.lang.String)&amp#27;[0m
  &amp#27;[32mWhen &amp#27;[0m&amp#27;[32mI click the &amp#27;[0m&amp#27;[32m&amp#27;[1m"Checkout"&amp#27;[0m&amp#27;[32m button&amp#27;[0m                          &amp#27;[90m# stepdefinitions.UiSteps.i_click_the_button(java.lang.String)&amp#27;[0m
  &amp#27;[32mThen &amp#27;[0m&amp#27;[32mI should see the &amp#27;[0m&amp#27;[32m&amp#27;[1m"Checkout: Your Information"&amp#27;[0m&amp#27;[32m page&amp#27;[0m     &amp#27;[90m# stepdefinitions.UiSteps.i_should_see_the_page(java.lang.String)&amp#27;[0m
  &amp#27;[32mWhen &amp#27;[0m&amp#27;[32mI fill in the checkout form with valid data&amp#27;[0m            &amp#27;[90m# stepdefinitions.UiSteps.iFillInTheCheckoutFormWithValidData()&amp#27;[0m
  &amp#27;[32mAnd &amp#27;[0m&amp#27;[32mI click the &amp#27;[0m&amp#27;[32m&amp#27;[1m"Continue"&amp#27;[0m&amp#27;[32m button&amp#27;[0m                           &amp#27;[90m# stepdefinitions.UiSteps.i_click_the_button(java.lang.String)&amp#27;[0m
  &amp#27;[32mThen &amp#27;[0m&amp#27;[32mI should see the &amp#27;[0m&amp#27;[32m&amp#27;[1m"Checkout: Overview"&amp#27;[0m&amp#27;[32m page&amp#27;[0m             &amp#27;[90m# stepdefinitions.UiSteps.i_should_see_the_page(java.lang.String)&amp#27;[0m
]]></system-out>
    <system-err><![CDATA[[main] INFO hooks.Hooks - Environment: [test]
[main] INFO io.github.bonigarcia.wdm.WebDriverManager - Using chromedriver 137.0.7151.68 (resolved driver for Chrome 137)
[main] INFO io.github.bonigarcia.wdm.WebDriverManager - Exporting webdriver.chrome.driver as C:\Users\aslie\.cache\selenium\chromedriver\win64\137.0.7151.68\chromedriver.exe
[main] INFO hooks.Hooks -  Navigated to: https://www.saucedemo.com/
[main] INFO hooks.Hooks -  Scenario PASSED: User completes checkout information with valid data
]]></system-err>
  </testcase>
  <testcase name="The correct products are listed in the order summary" classname="Order summary details" time="12.711">
    <system-out><![CDATA[
@regression @regression @order-summary
Scenario: The correct products are listed in the order summary     &amp#27;[90m# src/test/resources/features/checkout_overview.feature:26&amp#27;[0m
  &amp#27;[32mGiven &amp#27;[0m&amp#27;[32mI am logged in as a standard user&amp#27;[0m                          &amp#27;[90m# stepdefinitions.UiSteps.iAmLoggedInAsAStandardUser()&amp#27;[0m
  &amp#27;[32mWhen &amp#27;[0m&amp#27;[32mI add the product &amp#27;[0m&amp#27;[32m&amp#27;[1m"Sauce Labs Bike Light"&amp#27;[0m&amp#27;[32m to the cart&amp#27;[0m       &amp#27;[90m# stepdefinitions.UiSteps.i_add_the_product_to_the_cart(java.lang.String)&amp#27;[0m
  &amp#27;[32mAnd &amp#27;[0m&amp#27;[32mI go to the checkout overview page&amp#27;[0m                           &amp#27;[90m# stepdefinitions.UiSteps.iGoToTheCheckoutOverviewPage()&amp#27;[0m
  &amp#27;[32mThen &amp#27;[0m&amp#27;[32mI should see &amp#27;[0m&amp#27;[32m&amp#27;[1m"Sauce Labs Bike Light"&amp#27;[0m&amp#27;[32m in the product summary&amp#27;[0m &amp#27;[90m# stepdefinitions.UiSteps.i_should_see_product_in_summary(java.lang.String)&amp#27;[0m
]]></system-out>
    <system-err><![CDATA[[main] INFO hooks.Hooks - Environment: [test]
[main] INFO io.github.bonigarcia.wdm.WebDriverManager - Using chromedriver 137.0.7151.68 (resolved driver for Chrome 137)
[main] INFO io.github.bonigarcia.wdm.WebDriverManager - Exporting webdriver.chrome.driver as C:\Users\aslie\.cache\selenium\chromedriver\win64\137.0.7151.68\chromedriver.exe
[main] INFO hooks.Hooks -  Navigated to: https://www.saucedemo.com/
[main] INFO hooks.Hooks -  Scenario PASSED: The correct products are listed in the order summary
]]></system-err>
  </testcase>
  <testcase name="The payment information should be correct" classname="Order summary details" time="12.86">
    <system-out><![CDATA[
@regression @regression @order-summary
Scenario: The payment information should be correct          &amp#27;[90m# src/test/resources/features/checkout_overview.feature:32&amp#27;[0m
  &amp#27;[32mGiven &amp#27;[0m&amp#27;[32mI am logged in as a standard user&amp#27;[0m                    &amp#27;[90m# stepdefinitions.UiSteps.iAmLoggedInAsAStandardUser()&amp#27;[0m
  &amp#27;[32mWhen &amp#27;[0m&amp#27;[32mI add the product &amp#27;[0m&amp#27;[32m&amp#27;[1m"Sauce Labs Bike Light"&amp#27;[0m&amp#27;[32m to the cart&amp#27;[0m &amp#27;[90m# stepdefinitions.UiSteps.i_add_the_product_to_the_cart(java.lang.String)&amp#27;[0m
  &amp#27;[32mAnd &amp#27;[0m&amp#27;[32mI go to the checkout overview page&amp#27;[0m                     &amp#27;[90m# stepdefinitions.UiSteps.iGoToTheCheckoutOverviewPage()&amp#27;[0m
  &amp#27;[32mThen &amp#27;[0m&amp#27;[32mThe payment information should be &amp#27;[0m&amp#27;[32m&amp#27;[1m"SauceCard #31337"&amp#27;[0m  &amp#27;[90m# stepdefinitions.UiSteps.the_payment_information_should_be(java.lang.String)&amp#27;[0m
]]></system-out>
    <system-err><![CDATA[[main] INFO hooks.Hooks - Environment: [test]
[main] INFO io.github.bonigarcia.wdm.WebDriverManager - Using chromedriver 137.0.7151.68 (resolved driver for Chrome 137)
[main] INFO io.github.bonigarcia.wdm.WebDriverManager - Exporting webdriver.chrome.driver as C:\Users\aslie\.cache\selenium\chromedriver\win64\137.0.7151.68\chromedriver.exe
[main] INFO hooks.Hooks -  Navigated to: https://www.saucedemo.com/
[main] INFO hooks.Hooks -  Scenario PASSED: The payment information should be correct
]]></system-err>
  </testcase>
  <testcase name="The shipping information should be correct" classname="Order summary details" time="12.721">
    <system-out><![CDATA[
@regression @regression @order-summary
Scenario: The shipping information should be correct                    &amp#27;[90m# src/test/resources/features/checkout_overview.feature:38&amp#27;[0m
  &amp#27;[32mGiven &amp#27;[0m&amp#27;[32mI am logged in as a standard user&amp#27;[0m                               &amp#27;[90m# stepdefinitions.UiSteps.iAmLoggedInAsAStandardUser()&amp#27;[0m
  &amp#27;[32mWhen &amp#27;[0m&amp#27;[32mI add the product &amp#27;[0m&amp#27;[32m&amp#27;[1m"Sauce Labs Bike Light"&amp#27;[0m&amp#27;[32m to the cart&amp#27;[0m            &amp#27;[90m# stepdefinitions.UiSteps.i_add_the_product_to_the_cart(java.lang.String)&amp#27;[0m
  &amp#27;[32mAnd &amp#27;[0m&amp#27;[32mI go to the checkout overview page&amp#27;[0m                                &amp#27;[90m# stepdefinitions.UiSteps.iGoToTheCheckoutOverviewPage()&amp#27;[0m
  &amp#27;[32mThen &amp#27;[0m&amp#27;[32mThe shipping information should be &amp#27;[0m&amp#27;[32m&amp#27;[1m"Free Pony Express Delivery!"&amp#27;[0m &amp#27;[90m# stepdefinitions.UiSteps.the_shipping_information_should_be(java.lang.String)&amp#27;[0m
]]></system-out>
    <system-err><![CDATA[[main] INFO hooks.Hooks - Environment: [test]
[main] INFO io.github.bonigarcia.wdm.WebDriverManager - Using chromedriver 137.0.7151.68 (resolved driver for Chrome 137)
[main] INFO io.github.bonigarcia.wdm.WebDriverManager - Exporting webdriver.chrome.driver as C:\Users\aslie\.cache\selenium\chromedriver\win64\137.0.7151.68\chromedriver.exe
[main] INFO hooks.Hooks -  Navigated to: https://www.saucedemo.com/
[main] INFO hooks.Hooks -  Scenario PASSED: The shipping information should be correct
]]></system-err>
  </testcase>
  <testcase name="User should be able to complete the order" classname="Completing the order" time="14.846">
    <system-out><![CDATA[
@regression @regression @order-summary
Scenario: User should be able to complete the order          &amp#27;[90m# src/test/resources/features/checkout_overview.feature:46&amp#27;[0m
  &amp#27;[32mGiven &amp#27;[0m&amp#27;[32mI am logged in as a standard user&amp#27;[0m                    &amp#27;[90m# stepdefinitions.UiSteps.iAmLoggedInAsAStandardUser()&amp#27;[0m
  &amp#27;[32mWhen &amp#27;[0m&amp#27;[32mI add the product &amp#27;[0m&amp#27;[32m&amp#27;[1m"Sauce Labs Bike Light"&amp#27;[0m&amp#27;[32m to the cart&amp#27;[0m &amp#27;[90m# stepdefinitions.UiSteps.i_add_the_product_to_the_cart(java.lang.String)&amp#27;[0m
  &amp#27;[32mAnd &amp#27;[0m&amp#27;[32mI go to the checkout overview page&amp#27;[0m                     &amp#27;[90m# stepdefinitions.UiSteps.iGoToTheCheckoutOverviewPage()&amp#27;[0m
  &amp#27;[32mAnd &amp#27;[0m&amp#27;[32mI click the &amp#27;[0m&amp#27;[32m&amp#27;[1m"Finish"&amp#27;[0m&amp#27;[32m button&amp#27;[0m                            &amp#27;[90m# stepdefinitions.UiSteps.i_click_the_button(java.lang.String)&amp#27;[0m
  &amp#27;[32mThen &amp#27;[0m&amp#27;[32mI should see the &amp#27;[0m&amp#27;[32m&amp#27;[1m"Checkout: Complete"&amp#27;[0m&amp#27;[32m page&amp#27;[0m            &amp#27;[90m# stepdefinitions.UiSteps.i_should_see_the_page(java.lang.String)&amp#27;[0m
  &amp#27;[32mAnd &amp#27;[0m&amp#27;[32mI should see a confirmation message&amp#27;[0m                    &amp#27;[90m# stepdefinitions.UiSteps.i_should_see_a_confirmation_message()&amp#27;[0m
]]></system-out>
    <system-err><![CDATA[[main] INFO hooks.Hooks - Environment: [test]
[main] INFO io.github.bonigarcia.wdm.WebDriverManager - Using chromedriver 137.0.7151.68 (resolved driver for Chrome 137)
[main] INFO io.github.bonigarcia.wdm.WebDriverManager - Exporting webdriver.chrome.driver as C:\Users\aslie\.cache\selenium\chromedriver\win64\137.0.7151.68\chromedriver.exe
[main] INFO hooks.Hooks -  Navigated to: https://www.saucedemo.com/
[main] INFO hooks.Hooks -  Scenario PASSED: User should be able to complete the order
]]></system-err>
  </testcase>
  <testcase name="Login with standard user" classname="Valid users should be able to log in" time="3.725">
    <system-out><![CDATA[
@regression @login @regression
Example: Login with standard user                                   &amp#27;[90m# src/test/resources/features/login.feature:10&amp#27;[0m
  &amp#27;[32mGiven &amp#27;[0m&amp#27;[32mI am on the login page&amp#27;[0m                                      &amp#27;[90m# stepdefinitions.UiSteps.i_am_on_the_login_page()&amp#27;[0m
  &amp#27;[32mWhen &amp#27;[0m&amp#27;[32mI enter username &amp#27;[0m&amp#27;[32m&amp#27;[1m"standard_user"&amp#27;[0m&amp#27;[32m and password &amp#27;[0m&amp#27;[32m&amp#27;[1m"secret_sauce"&amp#27;[0m &amp#27;[90m# stepdefinitions.UiSteps.i_enter_username_and_password(java.lang.String,java.lang.String)&amp#27;[0m
  &amp#27;[32mThen &amp#27;[0m&amp#27;[32mI should see the &amp#27;[0m&amp#27;[32m&amp#27;[1m"products"&amp#27;[0m&amp#27;[32m page&amp#27;[0m                             &amp#27;[90m# stepdefinitions.UiSteps.i_should_see_the_page(java.lang.String)&amp#27;[0m
]]></system-out>
    <system-err><![CDATA[[main] INFO hooks.Hooks - Environment: [test]
[main] INFO io.github.bonigarcia.wdm.WebDriverManager - Using chromedriver 137.0.7151.68 (resolved driver for Chrome 137)
[main] INFO io.github.bonigarcia.wdm.WebDriverManager - Exporting webdriver.chrome.driver as C:\Users\aslie\.cache\selenium\chromedriver\win64\137.0.7151.68\chromedriver.exe
[main] INFO hooks.Hooks -  Navigated to: https://www.saucedemo.com/
[main] INFO hooks.Hooks -  Scenario PASSED: Login with standard user
]]></system-err>
  </testcase>
  <testcase name="Login with locked out user" classname="Invalid users should not be able to log in" time="5.526">
    <system-out><![CDATA[
@regression @login @regression
Example: Login with locked out user                                   &amp#27;[90m# src/test/resources/features/login.feature:17&amp#27;[0m
  &amp#27;[32mGiven &amp#27;[0m&amp#27;[32mI am on the login page&amp#27;[0m                                        &amp#27;[90m# stepdefinitions.UiSteps.i_am_on_the_login_page()&amp#27;[0m
  &amp#27;[32mWhen &amp#27;[0m&amp#27;[32mI enter username &amp#27;[0m&amp#27;[32m&amp#27;[1m"locked_out_user"&amp#27;[0m&amp#27;[32m and password &amp#27;[0m&amp#27;[32m&amp#27;[1m"secret_sauce"&amp#27;[0m &amp#27;[90m# stepdefinitions.UiSteps.i_enter_username_and_password(java.lang.String,java.lang.String)&amp#27;[0m
  &amp#27;[32mThen &amp#27;[0m&amp#27;[32mI should see the &amp#27;[0m&amp#27;[32m&amp#27;[1m"locked out user"&amp#27;[0m&amp#27;[32m error message&amp#27;[0m               &amp#27;[90m# stepdefinitions.UiSteps.iShouldSeeTheErrorMessage(java.lang.String)&amp#27;[0m
]]></system-out>
    <system-err><![CDATA[[main] INFO hooks.Hooks - Environment: [test]
[main] INFO io.github.bonigarcia.wdm.WebDriverManager - Using chromedriver 137.0.7151.68 (resolved driver for Chrome 137)
[main] INFO io.github.bonigarcia.wdm.WebDriverManager - Exporting webdriver.chrome.driver as C:\Users\aslie\.cache\selenium\chromedriver\win64\137.0.7151.68\chromedriver.exe
[main] INFO hooks.Hooks -  Navigated to: https://www.saucedemo.com/
[main] INFO hooks.Hooks -  Scenario PASSED: Login with locked out user
]]></system-err>
  </testcase>
  <testcase name="Login with wrong username and password" classname="Invalid users should not be able to log in" time="3.729">
    <system-out><![CDATA[
@regression @login
Example: Login with wrong username and password                &amp#27;[90m# src/test/resources/features/login.feature:21&amp#27;[0m
  &amp#27;[32mGiven &amp#27;[0m&amp#27;[32mI am on the login page&amp#27;[0m                                 &amp#27;[90m# stepdefinitions.UiSteps.i_am_on_the_login_page()&amp#27;[0m
  &amp#27;[32mWhen &amp#27;[0m&amp#27;[32mI enter username &amp#27;[0m&amp#27;[32m&amp#27;[1m"wrong_user"&amp#27;[0m&amp#27;[32m and password &amp#27;[0m&amp#27;[32m&amp#27;[1m"wrong_pass"&amp#27;[0m &amp#27;[90m# stepdefinitions.UiSteps.i_enter_username_and_password(java.lang.String,java.lang.String)&amp#27;[0m
  &amp#27;[32mThen &amp#27;[0m&amp#27;[32mI should see the &amp#27;[0m&amp#27;[32m&amp#27;[1m"invalid credentials"&amp#27;[0m&amp#27;[32m error message&amp#27;[0m    &amp#27;[90m# stepdefinitions.UiSteps.iShouldSeeTheErrorMessage(java.lang.String)&amp#27;[0m
]]></system-out>
    <system-err><![CDATA[[main] INFO hooks.Hooks - Environment: [test]
[main] INFO io.github.bonigarcia.wdm.WebDriverManager - Using chromedriver 137.0.7151.68 (resolved driver for Chrome 137)
[main] INFO io.github.bonigarcia.wdm.WebDriverManager - Exporting webdriver.chrome.driver as C:\Users\aslie\.cache\selenium\chromedriver\win64\137.0.7151.68\chromedriver.exe
[main] INFO hooks.Hooks -  Navigated to: https://www.saucedemo.com/
[main] INFO hooks.Hooks -  Scenario PASSED: Login with wrong username and password
]]></system-err>
  </testcase>
  <testcase name="Login with empty username" classname="Invalid users should not be able to log in" time="3.623">
    <system-out><![CDATA[
@regression @login
Example: Login with empty username                        &amp#27;[90m# src/test/resources/features/login.feature:25&amp#27;[0m
  &amp#27;[32mGiven &amp#27;[0m&amp#27;[32mI am on the login page&amp#27;[0m                            &amp#27;[90m# stepdefinitions.UiSteps.i_am_on_the_login_page()&amp#27;[0m
  &amp#27;[32mWhen &amp#27;[0m&amp#27;[32mI enter username &amp#27;[0m&amp#27;[32m&amp#27;[1m""&amp#27;[0m&amp#27;[32m and password &amp#27;[0m&amp#27;[32m&amp#27;[1m"secret_sauce"&amp#27;[0m    &amp#27;[90m# stepdefinitions.UiSteps.i_enter_username_and_password(java.lang.String,java.lang.String)&amp#27;[0m
  &amp#27;[32mThen &amp#27;[0m&amp#27;[32mI should see the &amp#27;[0m&amp#27;[32m&amp#27;[1m"username required"&amp#27;[0m&amp#27;[32m error message&amp#27;[0m &amp#27;[90m# stepdefinitions.UiSteps.iShouldSeeTheErrorMessage(java.lang.String)&amp#27;[0m
]]></system-out>
    <system-err><![CDATA[[main] INFO hooks.Hooks - Environment: [test]
[main] INFO io.github.bonigarcia.wdm.WebDriverManager - Using chromedriver 137.0.7151.68 (resolved driver for Chrome 137)
[main] INFO io.github.bonigarcia.wdm.WebDriverManager - Exporting webdriver.chrome.driver as C:\Users\aslie\.cache\selenium\chromedriver\win64\137.0.7151.68\chromedriver.exe
[main] INFO hooks.Hooks -  Navigated to: https://www.saucedemo.com/
[main] INFO hooks.Hooks -  Scenario PASSED: Login with empty username
]]></system-err>
  </testcase>
  <testcase name="Login with empty password" classname="Invalid users should not be able to log in" time="3.762">
    <system-out><![CDATA[
@regression @login
Example: Login with empty password                        &amp#27;[90m# src/test/resources/features/login.feature:29&amp#27;[0m
  &amp#27;[32mGiven &amp#27;[0m&amp#27;[32mI am on the login page&amp#27;[0m                            &amp#27;[90m# stepdefinitions.UiSteps.i_am_on_the_login_page()&amp#27;[0m
  &amp#27;[32mWhen &amp#27;[0m&amp#27;[32mI enter username &amp#27;[0m&amp#27;[32m&amp#27;[1m"standard_user"&amp#27;[0m&amp#27;[32m and password &amp#27;[0m&amp#27;[32m&amp#27;[1m""&amp#27;[0m   &amp#27;[90m# stepdefinitions.UiSteps.i_enter_username_and_password(java.lang.String,java.lang.String)&amp#27;[0m
  &amp#27;[32mThen &amp#27;[0m&amp#27;[32mI should see the &amp#27;[0m&amp#27;[32m&amp#27;[1m"password required"&amp#27;[0m&amp#27;[32m error message&amp#27;[0m &amp#27;[90m# stepdefinitions.UiSteps.iShouldSeeTheErrorMessage(java.lang.String)&amp#27;[0m
]]></system-out>
    <system-err><![CDATA[[main] INFO hooks.Hooks - Environment: [test]
[main] INFO io.github.bonigarcia.wdm.WebDriverManager - Using chromedriver 137.0.7151.68 (resolved driver for Chrome 137)
[main] INFO io.github.bonigarcia.wdm.WebDriverManager - Exporting webdriver.chrome.driver as C:\Users\aslie\.cache\selenium\chromedriver\win64\137.0.7151.68\chromedriver.exe
[main] INFO hooks.Hooks -  Navigated to: https://www.saucedemo.com/
[main] INFO hooks.Hooks -  Scenario PASSED: Login with empty password
]]></system-err>
  </testcase>
</testsuite>